<?xml version="1.0" encoding="UTF-8"?>
<testsuites>
  <testsuite name="" tests="25" assertions="66" errors="0" warnings="0" failures="0" skipped="0" time="0.012442">
    <testsuite name="Unit Tests" tests="25" assertions="66" errors="0" warnings="0" failures="0" skipped="0" time="0.012442">
      <testsuite name="LaunchDarkly\SharedTest\Tests\DatabaseFeatureRequesterTestBaseTest" file="/Users/elibishop/work/php-server-sdk-shared-tests/tests/DatabaseFeatureRequesterTestBaseTest.php" tests="25" assertions="66" errors="0" warnings="0" failures="0" skipped="0" time="0.012442">
        <testsuite name="LaunchDarkly\SharedTest\Tests\DatabaseFeatureRequesterTestBaseTest::testGetFeature" tests="3" assertions="6" errors="0" warnings="0" failures="0" skipped="0" time="0.008844">
          <testcase name="testGetFeature with data set #0" class="LaunchDarkly\SharedTest\Tests\DatabaseFeatureRequesterTestBaseTest" classname="LaunchDarkly.SharedTest.Tests.DatabaseFeatureRequesterTestBaseTest" file="/Users/elibishop/work/php-server-sdk-shared-tests/tests/DatabaseFeatureRequesterTestBaseTest.php" line="61" assertions="2" time="0.008514"/>
          <testcase name="testGetFeature with data set #1" class="LaunchDarkly\SharedTest\Tests\DatabaseFeatureRequesterTestBaseTest" classname="LaunchDarkly.SharedTest.Tests.DatabaseFeatureRequesterTestBaseTest" file="/Users/elibishop/work/php-server-sdk-shared-tests/tests/DatabaseFeatureRequesterTestBaseTest.php" line="61" assertions="2" time="0.000201"/>
          <testcase name="testGetFeature with data set #2" class="LaunchDarkly\SharedTest\Tests\DatabaseFeatureRequesterTestBaseTest" classname="LaunchDarkly.SharedTest.Tests.DatabaseFeatureRequesterTestBaseTest" file="/Users/elibishop/work/php-server-sdk-shared-tests/tests/DatabaseFeatureRequesterTestBaseTest.php" line="61" assertions="2" time="0.000129"/>
        </testsuite>
        <testsuite name="LaunchDarkly\SharedTest\Tests\DatabaseFeatureRequesterTestBaseTest::testGetMissingFeature" tests="3" assertions="3" errors="0" warnings="0" failures="0" skipped="0" time="0.000513">
          <testcase name="testGetMissingFeature with data set #0" class="LaunchDarkly\SharedTest\Tests\DatabaseFeatureRequesterTestBaseTest" classname="LaunchDarkly.SharedTest.Tests.DatabaseFeatureRequesterTestBaseTest" file="/Users/elibishop/work/php-server-sdk-shared-tests/tests/DatabaseFeatureRequesterTestBaseTest.php" line="81" assertions="1" time="0.000371"/>
          <testcase name="testGetMissingFeature with data set #1" class="LaunchDarkly\SharedTest\Tests\DatabaseFeatureRequesterTestBaseTest" classname="LaunchDarkly.SharedTest.Tests.DatabaseFeatureRequesterTestBaseTest" file="/Users/elibishop/work/php-server-sdk-shared-tests/tests/DatabaseFeatureRequesterTestBaseTest.php" line="81" assertions="1" time="0.000075"/>
          <testcase name="testGetMissingFeature with data set #2" class="LaunchDarkly\SharedTest\Tests\DatabaseFeatureRequesterTestBaseTest" classname="LaunchDarkly.SharedTest.Tests.DatabaseFeatureRequesterTestBaseTest" file="/Users/elibishop/work/php-server-sdk-shared-tests/tests/DatabaseFeatureRequesterTestBaseTest.php" line="81" assertions="1" time="0.000067"/>
        </testsuite>
        <testsuite name="LaunchDarkly\SharedTest\Tests\DatabaseFeatureRequesterTestBaseTest::testGetDeletedFeature" tests="3" assertions="3" errors="0" warnings="0" failures="0" skipped="0" time="0.000257">
          <testcase name="testGetDeletedFeature with data set #0" class="LaunchDarkly\SharedTest\Tests\DatabaseFeatureRequesterTestBaseTest" classname="LaunchDarkly.SharedTest.Tests.DatabaseFeatureRequesterTestBaseTest" file="/Users/elibishop/work/php-server-sdk-shared-tests/tests/DatabaseFeatureRequesterTestBaseTest.php" line="93" assertions="1" time="0.000101"/>
          <testcase name="testGetDeletedFeature with data set #1" class="LaunchDarkly\SharedTest\Tests\DatabaseFeatureRequesterTestBaseTest" classname="LaunchDarkly.SharedTest.Tests.DatabaseFeatureRequesterTestBaseTest" file="/Users/elibishop/work/php-server-sdk-shared-tests/tests/DatabaseFeatureRequesterTestBaseTest.php" line="93" assertions="1" time="0.000080"/>
          <testcase name="testGetDeletedFeature with data set #2" class="LaunchDarkly\SharedTest\Tests\DatabaseFeatureRequesterTestBaseTest" classname="LaunchDarkly.SharedTest.Tests.DatabaseFeatureRequesterTestBaseTest" file="/Users/elibishop/work/php-server-sdk-shared-tests/tests/DatabaseFeatureRequesterTestBaseTest.php" line="93" assertions="1" time="0.000076"/>
        </testsuite>
        <testsuite name="LaunchDarkly\SharedTest\Tests\DatabaseFeatureRequesterTestBaseTest::testGetAllFeatures" tests="3" assertions="15" errors="0" warnings="0" failures="0" skipped="0" time="0.000352">
          <testcase name="testGetAllFeatures with data set #0" class="LaunchDarkly\SharedTest\Tests\DatabaseFeatureRequesterTestBaseTest" classname="LaunchDarkly.SharedTest.Tests.DatabaseFeatureRequesterTestBaseTest" file="/Users/elibishop/work/php-server-sdk-shared-tests/tests/DatabaseFeatureRequesterTestBaseTest.php" line="111" assertions="5" time="0.000154"/>
          <testcase name="testGetAllFeatures with data set #1" class="LaunchDarkly\SharedTest\Tests\DatabaseFeatureRequesterTestBaseTest" classname="LaunchDarkly.SharedTest.Tests.DatabaseFeatureRequesterTestBaseTest" file="/Users/elibishop/work/php-server-sdk-shared-tests/tests/DatabaseFeatureRequesterTestBaseTest.php" line="111" assertions="5" time="0.000105"/>
          <testcase name="testGetAllFeatures with data set #2" class="LaunchDarkly\SharedTest\Tests\DatabaseFeatureRequesterTestBaseTest" classname="LaunchDarkly.SharedTest.Tests.DatabaseFeatureRequesterTestBaseTest" file="/Users/elibishop/work/php-server-sdk-shared-tests/tests/DatabaseFeatureRequesterTestBaseTest.php" line="111" assertions="5" time="0.000093"/>
        </testsuite>
        <testsuite name="LaunchDarkly\SharedTest\Tests\DatabaseFeatureRequesterTestBaseTest::testAllFeaturesWithEmptyStore" tests="3" assertions="3" errors="0" warnings="0" failures="0" skipped="0" time="0.000204">
          <testcase name="testAllFeaturesWithEmptyStore with data set #0" class="LaunchDarkly\SharedTest\Tests\DatabaseFeatureRequesterTestBaseTest" classname="LaunchDarkly.SharedTest.Tests.DatabaseFeatureRequesterTestBaseTest" file="/Users/elibishop/work/php-server-sdk-shared-tests/tests/DatabaseFeatureRequesterTestBaseTest.php" line="142" assertions="1" time="0.000079"/>
          <testcase name="testAllFeaturesWithEmptyStore with data set #1" class="LaunchDarkly\SharedTest\Tests\DatabaseFeatureRequesterTestBaseTest" classname="LaunchDarkly.SharedTest.Tests.DatabaseFeatureRequesterTestBaseTest" file="/Users/elibishop/work/php-server-sdk-shared-tests/tests/DatabaseFeatureRequesterTestBaseTest.php" line="142" assertions="1" time="0.000063"/>
          <testcase name="testAllFeaturesWithEmptyStore with data set #2" class="LaunchDarkly\SharedTest\Tests\DatabaseFeatureRequesterTestBaseTest" classname="LaunchDarkly.SharedTest.Tests.DatabaseFeatureRequesterTestBaseTest" file="/Users/elibishop/work/php-server-sdk-shared-tests/tests/DatabaseFeatureRequesterTestBaseTest.php" line="142" assertions="1" time="0.000062"/>
        </testsuite>
        <testsuite name="LaunchDarkly\SharedTest\Tests\DatabaseFeatureRequesterTestBaseTest::testGetSegment" tests="3" assertions="6" errors="0" warnings="0" failures="0" skipped="0" time="0.000889">
          <testcase name="testGetSegment with data set #0" class="LaunchDarkly\SharedTest\Tests\DatabaseFeatureRequesterTestBaseTest" classname="LaunchDarkly.SharedTest.Tests.DatabaseFeatureRequesterTestBaseTest" file="/Users/elibishop/work/php-server-sdk-shared-tests/tests/DatabaseFeatureRequesterTestBaseTest.php" line="154" assertions="2" time="0.000727"/>
          <testcase name="testGetSegment with data set #1" class="LaunchDarkly\SharedTest\Tests\DatabaseFeatureRequesterTestBaseTest" classname="LaunchDarkly.SharedTest.Tests.DatabaseFeatureRequesterTestBaseTest" file="/Users/elibishop/work/php-server-sdk-shared-tests/tests/DatabaseFeatureRequesterTestBaseTest.php" line="154" assertions="2" time="0.000085"/>
          <testcase name="testGetSegment with data set #2" class="LaunchDarkly\SharedTest\Tests\DatabaseFeatureRequesterTestBaseTest" classname="LaunchDarkly.SharedTest.Tests.DatabaseFeatureRequesterTestBaseTest" file="/Users/elibishop/work/php-server-sdk-shared-tests/tests/DatabaseFeatureRequesterTestBaseTest.php" line="154" assertions="2" time="0.000077"/>
        </testsuite>
        <testsuite name="LaunchDarkly\SharedTest\Tests\DatabaseFeatureRequesterTestBaseTest::testGetMissingSegment" tests="3" assertions="3" errors="0" warnings="0" failures="0" skipped="0" time="0.000205">
          <testcase name="testGetMissingSegment with data set #0" class="LaunchDarkly\SharedTest\Tests\DatabaseFeatureRequesterTestBaseTest" classname="LaunchDarkly.SharedTest.Tests.DatabaseFeatureRequesterTestBaseTest" file="/Users/elibishop/work/php-server-sdk-shared-tests/tests/DatabaseFeatureRequesterTestBaseTest.php" line="173" assertions="1" time="0.000079"/>
          <testcase name="testGetMissingSegment with data set #1" class="LaunchDarkly\SharedTest\Tests\DatabaseFeatureRequesterTestBaseTest" classname="LaunchDarkly.SharedTest.Tests.DatabaseFeatureRequesterTestBaseTest" file="/Users/elibishop/work/php-server-sdk-shared-tests/tests/DatabaseFeatureRequesterTestBaseTest.php" line="173" assertions="1" time="0.000063"/>
          <testcase name="testGetMissingSegment with data set #2" class="LaunchDarkly\SharedTest\Tests\DatabaseFeatureRequesterTestBaseTest" classname="LaunchDarkly.SharedTest.Tests.DatabaseFeatureRequesterTestBaseTest" file="/Users/elibishop/work/php-server-sdk-shared-tests/tests/DatabaseFeatureRequesterTestBaseTest.php" line="173" assertions="1" time="0.000063"/>
        </testsuite>
        <testsuite name="LaunchDarkly\SharedTest\Tests\DatabaseFeatureRequesterTestBaseTest::testGetDeletedSegment" tests="3" assertions="3" errors="0" warnings="0" failures="0" skipped="0" time="0.000230">
          <testcase name="testGetDeletedSegment with data set #0" class="LaunchDarkly\SharedTest\Tests\DatabaseFeatureRequesterTestBaseTest" classname="LaunchDarkly.SharedTest.Tests.DatabaseFeatureRequesterTestBaseTest" file="/Users/elibishop/work/php-server-sdk-shared-tests/tests/DatabaseFeatureRequesterTestBaseTest.php" line="185" assertions="1" time="0.000087"/>
          <testcase name="testGetDeletedSegment with data set #1" class="LaunchDarkly\SharedTest\Tests\DatabaseFeatureRequesterTestBaseTest" classname="LaunchDarkly.SharedTest.Tests.DatabaseFeatureRequesterTestBaseTest" file="/Users/elibishop/work/php-server-sdk-shared-tests/tests/DatabaseFeatureRequesterTestBaseTest.php" line="185" assertions="1" time="0.000071"/>
          <testcase name="testGetDeletedSegment with data set #2" class="LaunchDarkly\SharedTest\Tests\DatabaseFeatureRequesterTestBaseTest" classname="LaunchDarkly.SharedTest.Tests.DatabaseFeatureRequesterTestBaseTest" file="/Users/elibishop/work/php-server-sdk-shared-tests/tests/DatabaseFeatureRequesterTestBaseTest.php" line="185" assertions="1" time="0.000072"/>
        </testsuite>
        <testcase name="testPrefixIndependence" class="LaunchDarkly\SharedTest\Tests\DatabaseFeatureRequesterTestBaseTest" classname="LaunchDarkly.SharedTest.Tests.DatabaseFeatureRequesterTestBaseTest" file="/Users/elibishop/work/php-server-sdk-shared-tests/tests/DatabaseFeatureRequesterTestBaseTest.php" line="200" assertions="24" time="0.000948"/>
      </testsuite>
    </testsuite>
  </testsuite>
</testsuites>
